{
  "stats": {
    "suites": 1,
    "tests": 3,
    "passes": 3,
    "pending": 0,
    "failures": 0,
    "start": "2021-11-16T15:43:25.734Z",
    "end": "2021-11-16T15:43:26.119Z",
    "duration": 385,
    "testsRegistered": 3,
    "passPercent": 100,
    "pendingPercent": 0,
    "other": 0,
    "hasOther": false,
    "skipped": 0,
    "hasSkipped": false
  },
  "results": [
    {
      "uuid": "f6a001d5-b497-4aeb-a159-fd22aebde11e",
      "title": "",
      "fullFile": "",
      "file": "",
      "beforeHooks": [],
      "afterHooks": [],
      "tests": [],
      "suites": [
        {
          "uuid": "0ad0e060-5b04-476c-bcc5-0fb1b62a7478",
          "title": "Creating user ",
          "fullFile": "/Users/prabuselvan/Documents/Javascript-Projects/javascript-API-Testing/supertest-api/test/user-post.js",
          "file": "/test/user-post.js",
          "beforeHooks": [
            {
              "title": "\"before all\" hook in \"Creating user \"",
              "fullTitle": "Creating user  \"before all\" hook in \"Creating user \"",
              "timedOut": false,
              "duration": 120,
              "state": null,
              "speed": null,
              "pass": false,
              "fail": false,
              "pending": false,
              "context": null,
              "code": "var self = this,\n    args = arguments;\nreturn new Promise(function (resolve, reject) {\n  var gen = fn.apply(self, args);\n  function _next(value) {\n    asyncGeneratorStep(gen, resolve, reject, _next, _throw, \"next\", value);\n  }\n  function _throw(err) {\n    asyncGeneratorStep(gen, resolve, reject, _next, _throw, \"throw\", err);\n  }\n  _next(undefined);\n});",
              "err": {},
              "uuid": "d2d5c852-730f-4a17-93c6-00a9431355bf",
              "parentUUID": "0ad0e060-5b04-476c-bcc5-0fb1b62a7478",
              "isHook": true,
              "skipped": false
            }
          ],
          "afterHooks": [],
          "tests": [
            {
              "title": "user creation",
              "fullTitle": "Creating user  user creation",
              "timedOut": false,
              "duration": 76,
              "state": "passed",
              "speed": "slow",
              "pass": true,
              "fail": false,
              "pending": false,
              "context": null,
              "code": "var self = this,\n    args = arguments;\nreturn new Promise(function (resolve, reject) {\n  var gen = fn.apply(self, args);\n  function _next(value) {\n    asyncGeneratorStep(gen, resolve, reject, _next, _throw, \"next\", value);\n  }\n  function _throw(err) {\n    asyncGeneratorStep(gen, resolve, reject, _next, _throw, \"throw\", err);\n  }\n  _next(undefined);\n});",
              "err": {},
              "uuid": "48bd66a7-1ae4-495d-944b-5da81b7acc49",
              "parentUUID": "0ad0e060-5b04-476c-bcc5-0fb1b62a7478",
              "isHook": false,
              "skipped": false
            },
            {
              "title": "Get the post id details",
              "fullTitle": "Creating user  Get the post id details",
              "timedOut": false,
              "duration": 99,
              "state": "passed",
              "speed": "slow",
              "pass": true,
              "fail": false,
              "pending": false,
              "context": null,
              "code": "var self = this,\n    args = arguments;\nreturn new Promise(function (resolve, reject) {\n  var gen = fn.apply(self, args);\n  function _next(value) {\n    asyncGeneratorStep(gen, resolve, reject, _next, _throw, \"next\", value);\n  }\n  function _throw(err) {\n    asyncGeneratorStep(gen, resolve, reject, _next, _throw, \"throw\", err);\n  }\n  _next(undefined);\n});",
              "err": {},
              "uuid": "2e81b0cc-5ee4-488c-9f14-1a7866ceb145",
              "parentUUID": "0ad0e060-5b04-476c-bcc5-0fb1b62a7478",
              "isHook": false,
              "skipped": false
            },
            {
              "title": "401 Authentication Failed",
              "fullTitle": "Creating user  401 Authentication Failed",
              "timedOut": false,
              "duration": 81,
              "state": "passed",
              "speed": "slow",
              "pass": true,
              "fail": false,
              "pending": false,
              "context": null,
              "code": "var self = this,\n    args = arguments;\nreturn new Promise(function (resolve, reject) {\n  var gen = fn.apply(self, args);\n  function _next(value) {\n    asyncGeneratorStep(gen, resolve, reject, _next, _throw, \"next\", value);\n  }\n  function _throw(err) {\n    asyncGeneratorStep(gen, resolve, reject, _next, _throw, \"throw\", err);\n  }\n  _next(undefined);\n});",
              "err": {},
              "uuid": "af7a950a-5dd3-417d-abe6-6bf3fda2b9a0",
              "parentUUID": "0ad0e060-5b04-476c-bcc5-0fb1b62a7478",
              "isHook": false,
              "skipped": false
            }
          ],
          "suites": [],
          "passes": [
            "48bd66a7-1ae4-495d-944b-5da81b7acc49",
            "2e81b0cc-5ee4-488c-9f14-1a7866ceb145",
            "af7a950a-5dd3-417d-abe6-6bf3fda2b9a0"
          ],
          "failures": [],
          "pending": [],
          "skipped": [],
          "duration": 256,
          "root": false,
          "rootEmpty": false,
          "_timeout": 5000
        }
      ],
      "passes": [],
      "failures": [],
      "pending": [],
      "skipped": [],
      "duration": 0,
      "root": true,
      "rootEmpty": true,
      "_timeout": 5000
    }
  ],
  "meta": {
    "mocha": {
      "version": "9.1.3"
    },
    "mochawesome": {
      "options": {
        "quiet": false,
        "reportFilename": "mochawesome",
        "saveHtml": true,
        "saveJson": true,
        "consoleReporter": "spec",
        "useInlineDiffs": false,
        "code": true
      },
      "version": "7.0.1"
    },
    "marge": {
      "options": null,
      "version": "6.0.1"
    }
  }
}